<?xml version="1.0" encoding="UTF-8"?>
<!-- Generated by org.testng.reporters.JUnitReportReporter -->
<testsuite hostname="DESKTOP-SJK8D8N" failures="0" tests="1" name="practice.ReadDataFromPropertyFileTest" time="0.048" errors="0" timestamp="2021-04-25T23:21:51 IST" skipped="0">
  <testcase classname="practice.ReadDataFromPropertyFileTest" name="readDataTest" time="0.048"/>
  <system-out/>
</testsuite> <!-- practice.ReadDataFromPropertyFileTest -->
