<?xml version="1.0" encoding="UTF-8"?>
<!-- Generated by org.testng.reporters.JUnitReportReporter -->
<testsuite hostname="DESKTOP-SJK8D8N" failures="0" tests="1" name="com.crm.vtiger.CreateOrganisationTest" time="49.734" errors="0" timestamp="2021-04-28T12:25:08 IST" skipped="0">
  <testcase classname="com.crm.vtiger.CreateOrganisationTest" name="createOrganisation" time="49.734"/>
  <system-out/>
</testsuite> <!-- com.crm.vtiger.CreateOrganisationTest -->
