<?xml version="1.0" encoding="UTF-8"?>
<!-- Generated by org.testng.reporters.JUnitReportReporter -->
<testsuite hostname="DESKTOP-SJK8D8N" failures="0" tests="1" name="dynamicWebTable.VtigerClickOnLastCheckBox" time="41.325" errors="0" timestamp="2021-04-28T10:48:24 IST" skipped="0">
  <testcase classname="dynamicWebTable.VtigerClickOnLastCheckBox" name="clickLastBox" time="41.325"/>
  <system-out/>
</testsuite> <!-- dynamicWebTable.VtigerClickOnLastCheckBox -->
