<?xml version="1.0" encoding="UTF-8"?>
<!-- Generated by org.testng.reporters.JUnitReportReporter -->
<testsuite hostname="DESKTOP-SJK8D8N" failures="0" tests="1" name="com.crm.vtiger.organisation.DemoSamle" time="53.190" errors="0" timestamp="2021-05-04T15:42:51 IST" skipped="0">
  <testcase classname="com.crm.vtiger.organisation.DemoSamle" name="run" time="53.190"/>
  <system-out/>
</testsuite> <!-- com.crm.vtiger.organisation.DemoSamle -->
