<?xml version="1.0" encoding="UTF-8"?>
<!-- Generated by org.testng.reporters.JUnitReportReporter -->
<testsuite hostname="DESKTOP-SJK8D8N" failures="0" tests="1" name="com.crm.vtiger.organisation.DEmo" time="34.913" errors="0" timestamp="2021-05-04T11:46:20 IST" skipped="0">
  <testcase classname="com.crm.vtiger.organisation.DEmo" name="run" time="34.913"/>
  <system-out/>
</testsuite> <!-- com.crm.vtiger.organisation.DEmo -->
