<?xml version="1.0" encoding="UTF-8"?>
<!-- Generated by org.testng.reporters.JUnitReportReporter -->
<testsuite hostname="DESKTOP-SJK8D8N" failures="0" tests="1" name="com.crm.vtiger.GenericUtils.LoginPage" time="0.046" errors="0" timestamp="2021-05-04T23:06:14 IST" skipped="0">
  <testcase classname="com.crm.vtiger.GenericUtils.LoginPage" name="run" time="0.046"/>
  <system-out/>
</testsuite> <!-- com.crm.vtiger.GenericUtils.LoginPage -->
