<?xml version="1.0" encoding="UTF-8"?>
<!-- Generated by org.testng.reporters.JUnitReportReporter -->
<testsuite hostname="DESKTOP-SJK8D8N" failures="0" tests="1" name="com.crm.vtiger.organisation.SampleTest" time="0.049" errors="0" timestamp="2021-05-04T16:04:35 IST" skipped="0">
  <testcase classname="com.crm.vtiger.organisation.SampleTest" name="date" time="0.049"/>
  <system-out/>
</testsuite> <!-- com.crm.vtiger.organisation.SampleTest -->
