<?xml version="1.0" encoding="UTF-8"?>
<!-- Generated by org.testng.reporters.JUnitReportReporter -->
<testsuite hostname="DESKTOP-SJK8D8N" failures="0" tests="1" name="dynamicWebTable.VtigerClickAllBoxes" time="67.945" errors="0" timestamp="2021-04-28T10:46:32 IST" skipped="0">
  <testcase classname="dynamicWebTable.VtigerClickAllBoxes" name="clickAllBoxes" time="67.945"/>
  <system-out/>
</testsuite> <!-- dynamicWebTable.VtigerClickAllBoxes -->
