<?xml version="1.0" encoding="UTF-8"?>
<!-- Generated by org.testng.reporters.JUnitReportReporter -->
<testsuite hostname="DESKTOP-SJK8D8N" failures="0" tests="5" name="com.crm.vtiger.organisation.createOrganisationTest2" time="184.164" errors="0" timestamp="2021-05-06T10:40:16 IST" skipped="0">
  <testcase classname="com.crm.vtiger.organisation.createOrganisationTest2" name="createOrganisationWithType" time="38.294"/>
  <system-out/>
  <testcase classname="com.crm.vtiger.organisation.createOrganisationTest2" name="createOrganisationWithIndustryDropDownTest" time="32.398"/>
  <system-out>
industry dropdown is displayed , test is pass   </system-out>
  <testcase classname="com.crm.vtiger.organisation.createOrganisationTest2" name="createOrganisationWithIndustry" time="42.036"/>
  <system-out/>
  <testcase classname="com.crm.vtiger.organisation.createOrganisationTest2" name="createOrganisationWithTypeTest" time="38.494"/>
  <system-out/>
  <testcase classname="com.crm.vtiger.organisation.createOrganisationTest2" name="createOrganization" time="32.942"/>
  <system-out/>
</testsuite> <!-- com.crm.vtiger.organisation.createOrganisationTest2 -->
