<?xml version="1.0" encoding="UTF-8"?>
<!-- Generated by org.testng.reporters.JUnitReportReporter -->
<testsuite hostname="DESKTOP-SJK8D8N" failures="0" tests="1" name="practice.ReadDataFromPropertyFile" time="0.016" errors="0" timestamp="2021-04-24T07:50:57 IST" skipped="0">
  <testcase classname="practice.ReadDataFromPropertyFile" name="readDataTest" time="0.016"/>
  <system-out/>
</testsuite> <!-- practice.ReadDataFromPropertyFile -->
