<?xml version="1.0" encoding="UTF-8"?>
<!-- Generated by org.testng.reporters.JUnitReportReporter -->
<testsuite hostname="DESKTOP-SJK8D8N" failures="0" tests="1" name="com.crm.vtiger.GenericUtils.BaseClass" time="46.066" errors="0" timestamp="2021-05-01T15:33:58 IST" skipped="0">
  <testcase classname="com.crm.vtiger.GenericUtils.BaseClass" name="run" time="46.066"/>
  <system-out/>
</testsuite> <!-- com.crm.vtiger.GenericUtils.BaseClass -->
