<?xml version="1.0" encoding="UTF-8"?>
<!-- Generated by org.testng.reporters.JUnitReportReporter -->
<testsuite hostname="DESKTOP-SJK8D8N" failures="0" tests="1" name="practice.VtigerClickOnLastCheckBox" time="29.669" errors="0" timestamp="2021-04-27T13:54:26 IST" skipped="0">
  <testcase classname="practice.VtigerClickOnLastCheckBox" name="clickLastBox" time="29.669"/>
  <system-out/>
</testsuite> <!-- practice.VtigerClickOnLastCheckBox -->
