<?xml version="1.0" encoding="UTF-8"?>
<!-- Generated by org.testng.reporters.JUnitReportReporter -->
<testsuite hostname="DESKTOP-SJK8D8N" failures="0" tests="1" name="practice.VtigetValidateAndVerifyWebData" time="45.103" errors="0" timestamp="2021-04-27T15:20:30 IST" skipped="0">
  <testcase classname="practice.VtigetValidateAndVerifyWebData" name="ValidateWebData" time="45.103"/>
  <system-out/>
</testsuite> <!-- practice.VtigetValidateAndVerifyWebData -->
