<?xml version="1.0" encoding="UTF-8"?>
<!-- Generated by org.testng.reporters.JUnitReportReporter -->
<testsuite hostname="DESKTOP-SJK8D8N" failures="0" tests="7" name="com.crm.vtiger.Sample11" time="0.036" errors="0" timestamp="2021-05-03T22:01:31 IST" skipped="0">
  <testcase classname="com.crm.vtiger.Sample11" name="num" time="0.020"/>
  <system-out/>
  <testcase classname="com.crm.vtiger.Sample11" name="num" time="0.002"/>
  <system-out/>
  <testcase classname="com.crm.vtiger.Sample11" name="num" time="0.002"/>
  <system-out/>
  <testcase classname="com.crm.vtiger.Sample11" name="num" time="0.003"/>
  <system-out/>
  <testcase classname="com.crm.vtiger.Sample11" name="num" time="0.005"/>
  <system-out/>
  <testcase classname="com.crm.vtiger.Sample11" name="num" time="0.002"/>
  <system-out/>
  <testcase classname="com.crm.vtiger.Sample11" name="num" time="0.002"/>
  <system-out/>
</testsuite> <!-- com.crm.vtiger.Sample11 -->
