<?xml version="1.0" encoding="UTF-8"?>
<!-- Generated by org.testng.reporters.JUnitReportReporter -->
<testsuite hostname="DESKTOP-SJK8D8N" failures="0" tests="1" name="dynamicWebTable.VtigerGetOrganisationName" time="32.815" errors="0" timestamp="2021-04-28T10:53:52 IST" skipped="0">
  <testcase classname="dynamicWebTable.VtigerGetOrganisationName" name="readOrganisationNames" time="32.815"/>
  <system-out/>
</testsuite> <!-- dynamicWebTable.VtigerGetOrganisationName -->
