<?xml version="1.0" encoding="UTF-8"?>
<!-- Generated by org.testng.reporters.JUnitReportReporter -->
<testsuite hostname="DESKTOP-SJK8D8N" failures="0" tests="1" name="practice.VtigerDeleteVerifiedWebData" time="53.054" errors="0" timestamp="2021-04-27T15:39:34 IST" skipped="0">
  <testcase classname="practice.VtigerDeleteVerifiedWebData" name="DeleteVerifiedWebData" time="53.054"/>
  <system-out/>
</testsuite> <!-- practice.VtigerDeleteVerifiedWebData -->
