<?xml version="1.0" encoding="UTF-8"?>
<!-- Generated by org.testng.reporters.JUnitReportReporter -->
<testsuite hostname="DESKTOP-SJK8D8N" failures="0" tests="1" name="practice.ClearTripDynamicCalenderHandling" time="26.043" errors="0" timestamp="2021-04-27T16:18:06 IST" skipped="0">
  <testcase classname="practice.ClearTripDynamicCalenderHandling" name="CalenderHandle" time="26.043"/>
  <system-out/>
</testsuite> <!-- practice.ClearTripDynamicCalenderHandling -->
