<?xml version="1.0" encoding="UTF-8"?>
<!-- Generated by org.testng.reporters.JUnitReportReporter -->
<testsuite hostname="DESKTOP-SJK8D8N" failures="0" tests="1" name="practice.DataBaseUtils4" time="12.691" errors="0" timestamp="2021-04-27T10:53:25 IST" skipped="0">
  <testcase classname="practice.DataBaseUtils4" name="getUpdateQuery" time="12.691"/>
  <system-out/>
</testsuite> <!-- practice.DataBaseUtils4 -->
