<?xml version="1.0" encoding="UTF-8"?>
<!-- Generated by org.testng.reporters.JUnitReportReporter -->
<testsuite hostname="DESKTOP-SJK8D8N" failures="0" tests="1" name="dynamicWebTable.VtigerTestCase1" time="104.289" errors="0" timestamp="2021-04-28T10:52:31 IST" skipped="0">
  <testcase classname="dynamicWebTable.VtigerTestCase1" name="vtigerOrganisationName" time="104.289"/>
  <system-out/>
</testsuite> <!-- dynamicWebTable.VtigerTestCase1 -->
