<?xml version="1.0" encoding="UTF-8"?>
<!-- Generated by org.testng.reporters.JUnitReportReporter -->
<testsuite hostname="DESKTOP-SJK8D8N" failures="0" tests="1" name="practice.DataBaseUtils1" time="5.679" errors="0" timestamp="2021-04-27T10:23:57 IST" skipped="0">
  <testcase classname="practice.DataBaseUtils1" name="getExecuteQuery" time="5.679"/>
  <system-out/>
</testsuite> <!-- practice.DataBaseUtils1 -->
