<?xml version="1.0" encoding="UTF-8"?>
<!-- Generated by org.testng.reporters.JUnitReportReporter -->
<testsuite hostname="DESKTOP-SJK8D8N" failures="0" tests="1" name="dynamicWebTable.VtigetValidateAndVerifyWebData" time="33.654" errors="0" timestamp="2021-04-28T10:55:35 IST" skipped="0">
  <testcase classname="dynamicWebTable.VtigetValidateAndVerifyWebData" name="ValidateWebData" time="33.654"/>
  <system-out/>
</testsuite> <!-- dynamicWebTable.VtigetValidateAndVerifyWebData -->
