<?xml version="1.0" encoding="UTF-8"?>
<!-- Generated by org.testng.reporters.JUnitReportReporter -->
<testsuite hostname="DESKTOP-SJK8D8N" failures="0" tests="1" name="com.crm.vtiger.GenericUtils.UtilityCheckProgram" time="0.030" errors="0" timestamp="2021-05-03T10:23:11 IST" skipped="0">
  <testcase classname="com.crm.vtiger.GenericUtils.UtilityCheckProgram" name="run" time="0.030"/>
  <system-out/>
</testsuite> <!-- com.crm.vtiger.GenericUtils.UtilityCheckProgram -->
