<?xml version="1.0" encoding="UTF-8"?>
<!-- Generated by org.testng.reporters.JUnitReportReporter -->
<testsuite hostname="DESKTOP-SJK8D8N" failures="0" tests="2" name="com.crm.vtiger.GenericUtils.SampleDelete" time="0.011" errors="0" timestamp="2021-05-02T13:35:24 IST" skipped="0">
  <testcase classname="com.crm.vtiger.GenericUtils.SampleDelete" name="testInvalid" time="0.010"/>
  <system-out/>
  <testcase classname="com.crm.vtiger.GenericUtils.SampleDelete" name="testInvalid" time="0.001"/>
  <system-out/>
</testsuite> <!-- com.crm.vtiger.GenericUtils.SampleDelete -->
