<?xml version="1.0" encoding="UTF-8"?>
<!-- Generated by org.testng.reporters.JUnitReportReporter -->
<testsuite hostname="DESKTOP-SJK8D8N" failures="0" tests="1" name="com.crm.vtiger.GenericUtils.FileLibUtility" time="0.019" errors="0" timestamp="2021-04-29T12:17:37 IST" skipped="0">
  <testcase classname="com.crm.vtiger.GenericUtils.FileLibUtility" name="getDataFromPropertyFile" time="0.019"/>
  <system-out/>
</testsuite> <!-- com.crm.vtiger.GenericUtils.FileLibUtility -->
