<?xml version="1.0" encoding="UTF-8"?>
<!-- Generated by org.testng.reporters.JUnitReportReporter -->
<testsuite hostname="DESKTOP-SJK8D8N" failures="0" tests="1" name="practice.DataBaseUtils3" time="0.603" errors="0" timestamp="2021-04-27T10:41:56 IST" skipped="0">
  <testcase classname="practice.DataBaseUtils3" name="getUpdateQuery" time="0.603"/>
  <system-out/>
</testsuite> <!-- practice.DataBaseUtils3 -->
