<?xml version="1.0" encoding="UTF-8"?>
<!-- Generated by org.testng.reporters.JUnitReportReporter -->
<testsuite hostname="DESKTOP-SJK8D8N" failures="0" tests="1" name="com.crm.vtiger.CreateOrnanisationWithIndustryTest" time="64.442" errors="0" timestamp="2021-04-28T11:59:01 IST" skipped="0">
  <testcase classname="com.crm.vtiger.CreateOrnanisationWithIndustryTest" name="CreateOrnanisationWithIndustry" time="64.442"/>
  <system-out/>
</testsuite> <!-- com.crm.vtiger.CreateOrnanisationWithIndustryTest -->
