<?xml version="1.0" encoding="UTF-8"?>
<!-- Generated by org.testng.reporters.JUnitReportReporter -->
<testsuite hostname="DESKTOP-SJK8D8N" failures="0" tests="1" name="practice.VtigerGetOrganisationName" time="69.594" errors="0" timestamp="2021-04-27T13:08:25 IST" skipped="0">
  <testcase classname="practice.VtigerGetOrganisationName" name="readOrganisationNames" time="69.594"/>
  <system-out/>
</testsuite> <!-- practice.VtigerGetOrganisationName -->
