<?xml version="1.0" encoding="UTF-8"?>
<!-- Generated by org.testng.reporters.JUnitReportReporter -->
<testsuite hostname="DESKTOP-SJK8D8N" failures="0" tests="1" name="com.crm.vtiger.organisation.createOrganisationWithTypeTest" time="44.896" errors="0" timestamp="2021-04-29T09:27:45 IST" skipped="0">
  <testcase classname="com.crm.vtiger.organisation.createOrganisationWithTypeTest" name="createOrganisationWithType" time="44.896"/>
  <system-out/>
</testsuite> <!-- com.crm.vtiger.organisation.createOrganisationWithTypeTest -->
