<?xml version="1.0" encoding="UTF-8"?>
<!-- Generated by org.testng.reporters.JUnitReportReporter -->
<testsuite hostname="DESKTOP-SJK8D8N" failures="0" tests="1" name="practice.CreateCustomerTest" time="0.027" errors="0" timestamp="2021-04-26T23:23:46 IST" skipped="0">
  <testcase classname="practice.CreateCustomerTest" name="testCreateCustomer" time="0.027"/>
  <system-out/>
</testsuite> <!-- practice.CreateCustomerTest -->
