<?xml version="1.0" encoding="UTF-8"?>
<!-- Generated by org.testng.reporters.JUnitReportReporter -->
<testsuite hostname="DESKTOP-SJK8D8N" failures="0" tests="1" name="com.crm.vtiger.organisation.DDEmo" time="1.816" errors="0" timestamp="2021-04-29T13:27:33 IST" skipped="0">
  <testcase classname="com.crm.vtiger.organisation.DDEmo" name="run" time="1.816"/>
  <system-out/>
</testsuite> <!-- com.crm.vtiger.organisation.DDEmo -->
