<?xml version="1.0" encoding="UTF-8"?>
<!-- Generated by org.testng.reporters.JUnitReportReporter -->
<testsuite hostname="DESKTOP-SJK8D8N" failures="0" tests="1" name="com.crm.vtiger.organisation.createOrganisationWithTypeDropTest" time="55.938" errors="0" timestamp="2021-04-29T09:26:15 IST" skipped="0">
  <testcase classname="com.crm.vtiger.organisation.createOrganisationWithTypeDropTest" name="createOrganisationWithType" time="55.938"/>
  <system-out/>
</testsuite> <!-- com.crm.vtiger.organisation.createOrganisationWithTypeDropTest -->
