<?xml version="1.0" encoding="UTF-8"?>
<!-- Generated by org.testng.reporters.JUnitReportReporter -->
<testsuite hostname="DESKTOP-SJK8D8N" failures="0" tests="1" name="practice.DataBaseUtil2" time="5.822" errors="0" timestamp="2021-04-26T15:39:29 IST" skipped="0">
  <testcase classname="practice.DataBaseUtil2" name="getExecuteQuery" time="5.822"/>
  <system-out/>
</testsuite> <!-- practice.DataBaseUtil2 -->
