<?xml version="1.0" encoding="UTF-8"?>
<!-- Generated by org.testng.reporters.JUnitReportReporter -->
<testsuite hostname="DESKTOP-SJK8D8N" failures="0" tests="1" name="practice.VtigerClickAllBoxes" time="44.098" errors="0" timestamp="2021-04-27T13:49:56 IST" skipped="0">
  <testcase classname="practice.VtigerClickAllBoxes" name="clickAllBoxes" time="44.098"/>
  <system-out/>
</testsuite> <!-- practice.VtigerClickAllBoxes -->
