<?xml version="1.0" encoding="UTF-8"?>
<!-- Generated by org.testng.reporters.JUnitReportReporter -->
<testsuite hostname="DESKTOP-SJK8D8N" failures="0" tests="1" name="com.crm.vtiger.organisation.TC_5_createOrganisationWithType_Test" time="27.910" errors="0" timestamp="2021-05-04T11:33:56 IST" skipped="0">
  <testcase classname="com.crm.vtiger.organisation.TC_5_createOrganisationWithType_Test" name="createOrganisationWithType" time="27.910"/>
  <system-out/>
</testsuite> <!-- com.crm.vtiger.organisation.TC_5_createOrganisationWithType_Test -->
